2025-10-28T22:07:49.996+05:00  INFO 9552 --- [hogwarts-school] [main] ru.hogwarts.school.SchoolApplication     : Starting SchoolApplication using Java 17.0.14 with PID 9552 (D:\Spring Boot\school\target\classes started by USER in D:\Spring Boot\school)
2025-10-28T22:07:50.005+05:00 DEBUG 9552 --- [hogwarts-school] [main] ru.hogwarts.school.SchoolApplication     : Running with Spring Boot v3.5.3, Spring v6.2.8
2025-10-28T22:07:50.006+05:00  INFO 9552 --- [hogwarts-school] [main] ru.hogwarts.school.SchoolApplication     : The following 1 profile is active: "dev"
2025-10-28T22:07:50.787+05:00  INFO 9552 --- [hogwarts-school] [main] .s.d.r.c.RepositoryConfigurationDelegate : Bootstrapping Spring Data JPA repositories in DEFAULT mode.
2025-10-28T22:07:50.845+05:00  INFO 9552 --- [hogwarts-school] [main] .s.d.r.c.RepositoryConfigurationDelegate : Finished Spring Data repository scanning in 47 ms. Found 3 JPA repository interfaces.
2025-10-28T22:07:51.338+05:00  INFO 9552 --- [hogwarts-school] [main] o.s.b.w.embedded.tomcat.TomcatWebServer  : Tomcat initialized with port 8080 (http)
2025-10-28T22:07:51.349+05:00  INFO 9552 --- [hogwarts-school] [main] o.apache.catalina.core.StandardService   : Starting service [Tomcat]
2025-10-28T22:07:51.350+05:00  INFO 9552 --- [hogwarts-school] [main] o.apache.catalina.core.StandardEngine    : Starting Servlet engine: [Apache Tomcat/10.1.42]
2025-10-28T22:07:51.411+05:00  INFO 9552 --- [hogwarts-school] [main] o.a.c.c.C.[Tomcat].[localhost].[/]       : Initializing Spring embedded WebApplicationContext
2025-10-28T22:07:51.411+05:00  INFO 9552 --- [hogwarts-school] [main] w.s.c.ServletWebServerApplicationContext : Root WebApplicationContext: initialization completed in 1353 ms
2025-10-28T22:07:51.573+05:00  INFO 9552 --- [hogwarts-school] [main] com.zaxxer.hikari.HikariDataSource       : HikariPool-1 - Starting...
2025-10-28T22:07:51.776+05:00  INFO 9552 --- [hogwarts-school] [main] com.zaxxer.hikari.pool.HikariPool        : HikariPool-1 - Added connection conn0: url=jdbc:h2:mem:testdb user=SA
2025-10-28T22:07:51.779+05:00  INFO 9552 --- [hogwarts-school] [main] com.zaxxer.hikari.HikariDataSource       : HikariPool-1 - Start completed.
2025-10-28T22:07:51.868+05:00  INFO 9552 --- [hogwarts-school] [main] liquibase.database                       : Set default schema name to PUBLIC
2025-10-28T22:07:52.051+05:00  INFO 9552 --- [hogwarts-school] [main] liquibase.changelog                      : Reading resource: db/changelog/scripts/faculty-name-color-index.sql
2025-10-28T22:07:52.122+05:00  INFO 9552 --- [hogwarts-school] [main] liquibase.changelog                      : Creating database history table with name: PUBLIC.DATABASECHANGELOG
2025-10-28T22:07:52.231+05:00  INFO 9552 --- [hogwarts-school] [main] liquibase.changelog                      : Reading from PUBLIC.DATABASECHANGELOG
2025-10-28T22:07:52.236+05:00  INFO 9552 --- [hogwarts-school] [main] liquibase.changelog                      : Reading resource: db/changelog/scripts/student-name-index.sql
2025-10-28T22:07:52.247+05:00  INFO 9552 --- [hogwarts-school] [main] liquibase.snapshot                       : Creating snapshot
2025-10-28T22:07:52.306+05:00  INFO 9552 --- [hogwarts-school] [main] liquibase.lockservice                    : Successfully acquired change log lock
2025-10-28T22:07:52.307+05:00  INFO 9552 --- [hogwarts-school] [main] liquibase.command                        : Using deploymentId: 1671271548
2025-10-28T22:07:52.308+05:00  INFO 9552 --- [hogwarts-school] [main] liquibase.changelog                      : Reading from PUBLIC.DATABASECHANGELOG
2025-10-28T22:07:52.339+05:00  INFO 9552 --- [hogwarts-school] [main] liquibase.ui                             : Running Changeset: db/changelog/scripts/faculty-name-color-index.sql::3::rzubairov
2025-10-28T22:07:52.354+05:00  INFO 9552 --- [hogwarts-school] [main] liquibase.changelog                      : Custom SQL executed
2025-10-28T22:07:52.354+05:00  INFO 9552 --- [hogwarts-school] [main] liquibase.changelog                      : ChangeSet db/changelog/scripts/faculty-name-color-index.sql::3::rzubairov ran successfully in 14ms
2025-10-28T22:07:52.362+05:00  INFO 9552 --- [hogwarts-school] [main] liquibase.ui                             : Running Changeset: db/changelog/scripts/faculty-name-color-index.sql::4::rzubairov
2025-10-28T22:07:52.364+05:00  INFO 9552 --- [hogwarts-school] [main] liquibase.changelog                      : Custom SQL executed
2025-10-28T22:07:52.364+05:00  INFO 9552 --- [hogwarts-school] [main] liquibase.changelog                      : ChangeSet db/changelog/scripts/faculty-name-color-index.sql::4::rzubairov ran successfully in 2ms
2025-10-28T22:07:52.366+05:00  INFO 9552 --- [hogwarts-school] [main] liquibase.ui                             : Running Changeset: db/changelog/scripts/student-name-index.sql::1::rzubairov
2025-10-28T22:07:52.375+05:00  INFO 9552 --- [hogwarts-school] [main] liquibase.changelog                      : Custom SQL executed
2025-10-28T22:07:52.376+05:00  INFO 9552 --- [hogwarts-school] [main] liquibase.changelog                      : ChangeSet db/changelog/scripts/student-name-index.sql::1::rzubairov ran successfully in 10ms
2025-10-28T22:07:52.378+05:00  INFO 9552 --- [hogwarts-school] [main] liquibase.ui                             : Running Changeset: db/changelog/scripts/student-name-index.sql::2::rzubairov
2025-10-28T22:07:52.379+05:00  INFO 9552 --- [hogwarts-school] [main] liquibase.changelog                      : Custom SQL executed
2025-10-28T22:07:52.379+05:00  INFO 9552 --- [hogwarts-school] [main] liquibase.changelog                      : ChangeSet db/changelog/scripts/student-name-index.sql::2::rzubairov ran successfully in 1ms
2025-10-28T22:07:52.387+05:00  INFO 9552 --- [hogwarts-school] [main] liquibase.util                           : UPDATE SUMMARY
2025-10-28T22:07:52.387+05:00  INFO 9552 --- [hogwarts-school] [main] liquibase.util                           : Run:                          4
2025-10-28T22:07:52.387+05:00  INFO 9552 --- [hogwarts-school] [main] liquibase.util                           : Previously run:               0
2025-10-28T22:07:52.388+05:00  INFO 9552 --- [hogwarts-school] [main] liquibase.util                           : Filtered out:                 0
2025-10-28T22:07:52.388+05:00  INFO 9552 --- [hogwarts-school] [main] liquibase.util                           : -------------------------------
2025-10-28T22:07:52.388+05:00  INFO 9552 --- [hogwarts-school] [main] liquibase.util                           : Total change sets:            4
2025-10-28T22:07:52.388+05:00  INFO 9552 --- [hogwarts-school] [main] liquibase.util                           : Update summary generated
2025-10-28T22:07:52.391+05:00  INFO 9552 --- [hogwarts-school] [main] liquibase.command                        : Update command completed successfully.
2025-10-28T22:07:52.392+05:00  INFO 9552 --- [hogwarts-school] [main] liquibase.ui                             : Liquibase: Update has been successful. Rows affected: 4
2025-10-28T22:07:52.394+05:00  INFO 9552 --- [hogwarts-school] [main] liquibase.lockservice                    : Successfully released change log lock
2025-10-28T22:07:52.395+05:00  INFO 9552 --- [hogwarts-school] [main] liquibase.command                        : Command execution complete
2025-10-28T22:07:53.724+05:00  INFO 9552 --- [hogwarts-school] [main] o.hibernate.jpa.internal.util.LogHelper  : HHH000204: Processing PersistenceUnitInfo [name: default]
2025-10-28T22:07:53.790+05:00  INFO 9552 --- [hogwarts-school] [main] org.hibernate.Version                    : HHH000412: Hibernate ORM core version 6.6.18.Final
2025-10-28T22:07:53.833+05:00  INFO 9552 --- [hogwarts-school] [main] o.h.c.internal.RegionFactoryInitiator    : HHH000026: Second-level cache disabled
2025-10-28T22:07:54.146+05:00  INFO 9552 --- [hogwarts-school] [main] o.s.o.j.p.SpringPersistenceUnitInfo      : No LoadTimeWeaver setup: ignoring JPA class transformer
2025-10-28T22:07:54.205+05:00  WARN 9552 --- [hogwarts-school] [main] org.hibernate.orm.deprecation            : HHH90000025: H2Dialect does not need to be specified explicitly using 'hibernate.dialect' (remove the property setting and it will be selected by default)
2025-10-28T22:07:54.223+05:00  INFO 9552 --- [hogwarts-school] [main] org.hibernate.orm.connections.pooling    : HHH10001005: Database info:
	Database JDBC URL [Connecting through datasource 'HikariDataSource (HikariPool-1)']
	Database driver: undefined/unknown
	Database version: 2.3.232
	Autocommit mode: undefined/unknown
	Isolation level: undefined/unknown
	Minimum pool size: undefined/unknown
	Maximum pool size: undefined/unknown
2025-10-28T22:07:55.070+05:00  INFO 9552 --- [hogwarts-school] [main] o.h.e.t.j.p.i.JtaPlatformInitiator       : HHH000489: No JTA platform available (set 'hibernate.transaction.jta.platform' to enable JTA platform integration)
2025-10-28T22:07:55.106+05:00  INFO 9552 --- [hogwarts-school] [main] j.LocalContainerEntityManagerFactoryBean : Initialized JPA EntityManagerFactory for persistence unit 'default'
2025-10-28T22:07:55.425+05:00  INFO 9552 --- [hogwarts-school] [main] o.s.d.j.r.query.QueryEnhancerFactory     : Hibernate is in classpath; If applicable, HQL parser will be used.
2025-10-28T22:07:55.924+05:00  INFO 9552 --- [hogwarts-school] [main] r.h.school.controller.InfoController     : InfoController initialized for application: hogwarts-school on port: 8080
2025-10-28T22:07:55.924+05:00  INFO 9552 --- [hogwarts-school] [main] r.h.school.service.StudentService        : StudentService initialized with avatars directory: null
2025-10-28T22:07:56.033+05:00  WARN 9552 --- [hogwarts-school] [main] JpaBaseConfiguration$JpaWebConfiguration : spring.jpa.open-in-view is enabled by default. Therefore, database queries may be performed during view rendering. Explicitly configure spring.jpa.open-in-view to disable this warning
2025-10-28T22:07:56.081+05:00  INFO 9552 --- [hogwarts-school] [main] o.s.v.b.OptionalValidatorFactoryBean     : Failed to set up a Bean Validation provider: jakarta.validation.NoProviderFoundException: Unable to create a Configuration, because no Jakarta Bean Validation provider could be found. Add a provider like Hibernate Validator (RI) to your classpath.
2025-10-28T22:07:56.395+05:00  INFO 9552 --- [hogwarts-school] [main] o.s.b.a.h2.H2ConsoleAutoConfiguration    : H2 console available at '/h2-console'. Database available at 'jdbc:h2:mem:testdb'
2025-10-28T22:07:56.476+05:00  INFO 9552 --- [hogwarts-school] [main] o.s.b.w.embedded.tomcat.TomcatWebServer  : Tomcat started on port 8080 (http) with context path '/'
2025-10-28T22:07:56.487+05:00  INFO 9552 --- [hogwarts-school] [main] ru.hogwarts.school.SchoolApplication     : Started SchoolApplication in 6.956 seconds (process running for 8.067)
2025-10-28T22:10:02.455+05:00  INFO 9552 --- [hogwarts-school] [SpringApplicationShutdownHook] o.s.b.w.e.tomcat.GracefulShutdown        : Commencing graceful shutdown. Waiting for active requests to complete
2025-10-28T22:10:02.579+05:00  INFO 9552 --- [hogwarts-school] [tomcat-shutdown] o.s.b.w.e.tomcat.GracefulShutdown        : Graceful shutdown complete
2025-10-28T22:10:02.582+05:00  INFO 9552 --- [hogwarts-school] [SpringApplicationShutdownHook] j.LocalContainerEntityManagerFactoryBean : Closing JPA EntityManagerFactory for persistence unit 'default'
2025-10-28T22:10:02.590+05:00  INFO 9552 --- [hogwarts-school] [SpringApplicationShutdownHook] com.zaxxer.hikari.HikariDataSource       : HikariPool-1 - Shutdown initiated...
2025-10-28T22:10:02.592+05:00  INFO 9552 --- [hogwarts-school] [SpringApplicationShutdownHook] com.zaxxer.hikari.HikariDataSource       : HikariPool-1 - Shutdown completed.
